# JRE version: OpenJDK Runtime Environment 18.9 (11.0.13+8) (build 11.0.13+8)
# Java VM: OpenJDK 64-Bit Server VM 18.9 (11.0.13+8, mixed mode, tiered, compressed oops, g1 gc, windows-amd64)
Heap:
 garbage-first heap   total 262144K, used 156672K [0x00000000e0000000, 0x0000000100000000)
  region size 1024K, 11 young (11264K), 10 survivors (10240K)
 Metaspace       used 108902K, capacity 112844K, committed 112892K, reserved 352256K
  class space    used 13550K, capacity 14976K, committed 14976K, reserved 253952K
GC Heap History (20 events):
Event: 844.543 GC heap before
{Heap before GC invocations=20 (full 0):
 garbage-first heap   total 262144K, used 178688K [0x00000000e0000000, 0x0000000100000000)
  region size 1024K, 105 young (107520K), 14 survivors (14336K)
 Metaspace       used 78924K, capacity 81953K, committed 82044K, reserved 325632K
  class space    used 10078K, capacity 11178K, committed 11264K, reserved 253952K
}
Event: 844.649 GC heap after
{Heap after GC invocations=21 (full 0):
 garbage-first heap   total 262144K, used 96256K [0x00000000e0000000, 0x0000000100000000)
  region size 1024K, 9 young (9216K), 9 survivors (9216K)
 Metaspace       used 78924K, capacity 81953K, committed 82044K, reserved 325632K
  class space    used 10078K, capacity 11178K, committed 11264K, reserved 253952K
}
Event: 850.781 GC heap before
{Heap before GC invocations=21 (full 0):
 garbage-first heap   total 262144K, used 187392K [0x00000000e0000000, 0x0000000100000000)
  region size 1024K, 98 young (100352K), 9 survivors (9216K)
 Metaspace       used 86215K, capacity 89386K, committed 89724K, reserved 331776K
  class space    used 11034K, capacity 12187K, committed 12288K, reserved 253952K
}
Event: 850.840 GC heap after
{Heap after GC invocations=22 (full 0):
 garbage-first heap   total 262144K, used 105472K [0x00000000e0000000, 0x0000000100000000)
  region size 1024K, 9 young (9216K), 9 survivors (9216K)
 Metaspace       used 86215K, capacity 89386K, committed 89724K, reserved 331776K
  class space    used 11034K, capacity 12187K, committed 12288K, reserved 253952K
}
Event: 856.011 GC heap before
{Heap before GC invocations=22 (full 0):
 garbage-first heap   total 262144K, used 192512K [0x00000000e0000000, 0x0000000100000000)
  region size 1024K, 95 young (97280K), 9 survivors (9216K)
 Metaspace       used 94148K, capacity 97634K, committed 97916K, reserved 339968K
  class space    used 12014K, capacity 13281K, committed 13312K, reserved 253952K
}
Event: 856.089 GC heap after
{Heap after GC invocations=23 (full 0):
 garbage-first heap   total 262144K, used 113664K [0x00000000e0000000, 0x0000000100000000)
  region size 1024K, 8 young (8192K), 8 survivors (8192K)
 Metaspace       used 94148K, capacity 97634K, committed 97916K, reserved 339968K
  class space    used 12014K, capacity 13281K, committed 13312K, reserved 253952K
}
Event: 863.467 GC heap before
{Heap before GC invocations=23 (full 0):
 garbage-first heap   total 262144K, used 197632K [0x00000000e0000000, 0x0000000100000000)
  region size 1024K, 91 young (93184K), 8 survivors (8192K)
 Metaspace       used 95817K, capacity 99330K, committed 99452K, reserved 339968K
  class space    used 12181K, capacity 13497K, committed 13568K, reserved 253952K
}
Event: 863.528 GC heap after
{Heap after GC invocations=24 (full 0):
 garbage-first heap   total 262144K, used 120320K [0x00000000e0000000, 0x0000000100000000)
  region size 1024K, 7 young (7168K), 7 survivors (7168K)
 Metaspace       used 95817K, capacity 99330K, committed 99452K, reserved 339968K
  class space    used 12181K, capacity 13497K, committed 13568K, reserved 253952K
}
Event: 870.895 GC heap before
{Heap before GC invocations=24 (full 0):
 garbage-first heap   total 262144K, used 202240K [0x00000000e0000000, 0x0000000100000000)
  region size 1024K, 88 young (90112K), 7 survivors (7168K)
 Metaspace       used 96574K, capacity 100038K, committed 100220K, reserved 342016K
  class space    used 12223K, capacity 13551K, committed 13568K, reserved 253952K
}
Event: 870.940 GC heap after
{Heap after GC invocations=25 (full 0):
 garbage-first heap   total 262144K, used 128000K [0x00000000e0000000, 0x0000000100000000)
  region size 1024K, 7 young (7168K), 7 survivors (7168K)
 Metaspace       used 96574K, capacity 100038K, committed 100220K, reserved 342016K
  class space    used 12223K, capacity 13551K, committed 13568K, reserved 253952K
}
Event: 876.000 GC heap before
{Heap before GC invocations=25 (full 0):
 garbage-first heap   total 262144K, used 206848K [0x00000000e0000000, 0x0000000100000000)
  region size 1024K, 85 young (87040K), 7 survivors (7168K)
 Metaspace       used 98100K, capacity 101692K, committed 101756K, reserved 342016K
  class space    used 12442K, capacity 13773K, committed 13824K, reserved 253952K
}
Event: 876.043 GC heap after
{Heap after GC invocations=26 (full 0):
 garbage-first heap   total 262144K, used 133632K [0x00000000e0000000, 0x0000000100000000)
  region size 1024K, 6 young (6144K), 6 survivors (6144K)
 Metaspace       used 98100K, capacity 101692K, committed 101756K, reserved 342016K
  class space    used 12442K, capacity 13773K, committed 13824K, reserved 253952K
}
Event: 879.520 GC heap before
{Heap before GC invocations=27 (full 0):
 garbage-first heap   total 262144K, used 211456K [0x00000000e0000000, 0x0000000100000000)
  region size 1024K, 82 young (83968K), 6 survivors (6144K)
 Metaspace       used 102732K, capacity 106247K, committed 106748K, reserved 348160K
  class space    used 12955K, capacity 14279K, committed 14464K, reserved 253952K
}
Event: 879.559 GC heap after
{Heap after GC invocations=28 (full 0):
 garbage-first heap   total 262144K, used 137728K [0x00000000e0000000, 0x0000000100000000)
  region size 1024K, 10 young (10240K), 10 survivors (10240K)
 Metaspace       used 102732K, capacity 106247K, committed 106748K, reserved 348160K
  class space    used 12955K, capacity 14279K, committed 14464K, reserved 253952K
}
Event: 882.553 GC heap before
{Heap before GC invocations=28 (full 0):
 garbage-first heap   total 262144K, used 212480K [0x00000000e0000000, 0x0000000100000000)
  region size 1024K, 84 young (86016K), 10 survivors (10240K)
 Metaspace       used 103240K, capacity 106776K, committed 107004K, reserved 348160K
  class space    used 12998K, capacity 14320K, committed 14464K, reserved 253952K
}
Event: 882.606 GC heap after
{Heap after GC invocations=29 (full 0):
 garbage-first heap   total 262144K, used 143658K [0x00000000e0000000, 0x0000000100000000)
  region size 1024K, 11 young (11264K), 11 survivors (11264K)
 Metaspace       used 103240K, capacity 106776K, committed 107004K, reserved 348160K
  class space    used 12998K, capacity 14320K, committed 14464K, reserved 253952K
}
Event: 1170.795 GC heap before
{Heap before GC invocations=30 (full 0):
 garbage-first heap   total 262144K, used 214314K [0x00000000e0000000, 0x0000000100000000)
  region size 1024K, 81 young (82944K), 11 survivors (11264K)
 Metaspace       used 107882K, capacity 111609K, committed 111740K, reserved 352256K
  class space    used 13425K, capacity 14753K, committed 14848K, reserved 253952K
}
Event: 1170.844 GC heap after
{Heap after GC invocations=31 (full 0):
 garbage-first heap   total 262144K, used 147225K [0x00000000e0000000, 0x0000000100000000)
  region size 1024K, 4 young (4096K), 4 survivors (4096K)
 Metaspace       used 107882K, capacity 111609K, committed 111740K, reserved 352256K
  class space    used 13425K, capacity 14753K, committed 14848K, reserved 253952K
}
Event: 1824.909 GC heap before
{Heap before GC invocations=31 (full 0):
 garbage-first heap   total 262144K, used 217881K [0x00000000e0000000, 0x0000000100000000)
  region size 1024K, 74 young (75776K), 4 survivors (4096K)
 Metaspace       used 108902K, capacity 112844K, committed 112892K, reserved 352256K
  class space    used 13550K, capacity 14976K, committed 14976K, reserved 253952K
}
Event: 1825.003 GC heap after
{Heap after GC invocations=32 (full 0):
 garbage-first heap   total 262144K, used 156672K [0x00000000e0000000, 0x0000000100000000)
  region size 1024K, 10 young (10240K), 10 survivors (10240K)
 Metaspace       used 108902K, capacity 112844K, committed 112892K, reserved 352256K
  class space    used 13550K, capacity 14976K, committed 14976K, reserved 253952K
}

